<?xml version="1.0" encoding="UTF-8"?>
<!-- Generated by org.testng.reporters.JUnitReportReporter -->
<testsuite hostname="c909ed41989b549" failures="0" tests="2" name="TESTNG.demoTestNG.demo2" time="0.019" errors="0" timestamp="2024-07-31T11:58:29 IST" skipped="0">
  <testcase classname="TESTNG.demoTestNG.demo2" name="clogin" time="0.016"/>
  <testcase classname="TESTNG.demoTestNG.demo2" name="elogin" time="0.003"/>
</testsuite> <!-- TESTNG.demoTestNG.demo2 -->
