<?xml version="1.0" encoding="UTF-8"?>
<!-- Generated by org.testng.reporters.JUnitReportReporter -->
<testsuite hostname="c909ed41989b549" failures="0" tests="1" name="TESTNG.demoTestNG.demo3" time="7.452" errors="0" timestamp="2024-07-31T11:30:18 IST" skipped="0">
  <testcase classname="TESTNG.demoTestNG.demo3" name="testTitke" time="7.452"/>
</testsuite> <!-- TESTNG.demoTestNG.demo3 -->
