<?xml version="1.0" encoding="UTF-8"?>
<!-- Generated by org.testng.reporters.JUnitReportReporter -->
<testsuite hostname="c909ed41989b549" failures="0" tests="2" name="TESTNG.demoTestNG.logtest" time="0.017" errors="0" timestamp="2024-07-31T10:37:51 IST" skipped="0">
  <testcase classname="TESTNG.demoTestNG.logtest" name="btest" time="0.015"/>
  <testcase classname="TESTNG.demoTestNG.logtest" name="atest" time="0.002"/>
</testsuite> <!-- TESTNG.demoTestNG.logtest -->
